\BOOKMARK [1][-]{section.0}{Quantenmechanik}{}% 1
\BOOKMARK [2][-]{subsection.0.1}{Mechanik}{section.0}% 2
\BOOKMARK [2][-]{subsection.0.2}{Quantenmechanik}{section.0}% 3
\BOOKMARK [2][-]{subsection.0.3}{Schr\366dinger- und Heisenbergbild}{section.0}% 4
\BOOKMARK [2][-]{subsection.0.4}{Harmonischer Oszillator}{section.0}% 5
\BOOKMARK [1][-]{section.1}{Zeitabh\344ngige St\366rung}{}% 6
\BOOKMARK [2][-]{subsection.1.1}{Zeitabh\344ngige St\366rungstheorie und das Wechselwirkungsbild}{section.1}% 7
\BOOKMARK [2][-]{subsection.1.2}{Fermis Goldene Regel}{section.1}% 8
\BOOKMARK [2][-]{subsection.1.3}{Periodische St\366rungen}{section.1}% 9
\BOOKMARK [2][-]{subsection.1.4}{Absorpiton und Emission von elektromagnetischer Strahlung}{section.1}% 10
\BOOKMARK [2][-]{subsection.1.5}{Spontane Emissions}{section.1}% 11
\BOOKMARK [2][-]{subsection.1.6}{Beispiel: 2p 1s Wasserstoff: Spontane Emission}{section.1}% 12
\BOOKMARK [2][-]{subsection.1.7}{Quatrupol\374berg\344nge etc.}{section.1}% 13
\BOOKMARK [1][-]{section.2}{Streutheorie}{}% 14
\BOOKMARK [2][-]{subsection.2.1}{Station\344res Streuproblem und Wirkungsquerschnitt}{section.2}% 15
\BOOKMARK [2][-]{subsection.2.2}{Anwendung : Streuung an harter Kugel}{section.2}% 16
\BOOKMARK [2][-]{subsection.2.3}{Die Born-N\344herung}{section.2}% 17
\BOOKMARK [1][-]{section.3}{Systeme mit mehr als 2 ``Teilchen''}{}% 18
\BOOKMARK [2][-]{subsection.3.1}{Das Pauliprinzip}{section.3}% 19
\BOOKMARK [2][-]{subsection.3.2}{Das Heliumatom}{section.3}% 20
\BOOKMARK [2][-]{subsection.3.3}{Ritz-Variationsverfahren}{section.3}% 21
\BOOKMARK [2][-]{subsection.3.4}{Atombau}{section.3}% 22
\BOOKMARK [2][-]{subsection.3.5}{Hartrei-Fock-Approximation}{section.3}% 23
\BOOKMARK [2][-]{subsection.3.6}{Die Born-Oppenheimer Approximation}{section.3}% 24
\BOOKMARK [2][-]{subsection.3.7}{Homonukleare Molek\374le \(Beispiel H2\)}{section.3}% 25
\BOOKMARK [1][-]{section.4}{Relativistische Quantenmechanik}{}% 26
\BOOKMARK [2][-]{subsection.4.1}{Die Dirac-Gleichung}{section.4}% 27
\BOOKMARK [2][-]{subsection.4.2}{Kopplung der Dirac-Gleichung an elektromagnetische Felder}{section.4}% 28
\BOOKMARK [2][-]{subsection.4.3}{Relativistisches Coulombproblem}{section.4}% 29
\BOOKMARK [1][-]{section.5}{Pfadintegrale in der Quantenmechanik}{}% 30
\BOOKMARK [2][-]{subsection.5.1}{\334bergangsamplituden}{section.5}% 31
\BOOKMARK [2][-]{subsection.5.2}{Harmonischer Oszillator}{section.5}% 32
\BOOKMARK [2][-]{subsection.5.3}{Der Aharanov-Bohn-Effekt}{section.5}% 33
\BOOKMARK [2][-]{subsection.5.4}{Das euklidische Pfadintegral}{section.5}% 34
\BOOKMARK [2][-]{subsection.5.5}{2-Punkt Funktion}{section.5}% 35
\BOOKMARK [2][-]{subsection.5.6}{Erzeugende Funktionale}{section.5}% 36
\BOOKMARK [2][-]{subsection.5.7}{Beispiel: Harmonischer Oszillator}{section.5}% 37
\BOOKMARK [2][-]{subsection.5.8}{Systeme mit quadratischer Wirkung}{section.5}% 38
\BOOKMARK [2][-]{subsection.5.9}{Tunneln durch eine Potentialbarriere}{section.5}% 39
\BOOKMARK [2][-]{subsection.5.10}{Zug\344nge zur Quantenmechanik}{section.5}% 40
\BOOKMARK [1][-]{section.6}{Konzeptionelle Fragen der Quantenmechanik}{}% 41
\BOOKMARK [2][-]{subsection.6.1}{Reine Zust\344nde}{section.6}% 42
\BOOKMARK [2][-]{subsection.6.2}{Statistische Gemische und Dichtematrix}{section.6}% 43
\BOOKMARK [2][-]{subsection.6.3}{Der Messprozess}{section.6}% 44
